2025-12-01 11:37:28 - src.storage.postgres_handler - ERROR - Database error: connection to server at "localhost" (::1), port 5432 failed: FATAL:  password authentication failed for user "postgres"

2025-12-01 11:45:42 - src.storage.postgres_handler - ERROR - Database error: connection to server at "localhost" (::1), port 5432 failed: FATAL:  password authentication failed for user "postgres"

2025-12-01 11:51:03 - src.storage.postgres_handler - ERROR - Database error: connection to server at "localhost" (::1), port 5432 failed: FATAL:  password authentication failed for user "postgres"

2025-12-01 12:03:27 - src.storage.postgres_handler - ERROR - Database error: could not translate host name "postgres" to address: Name or service not known

2025-12-01 12:04:24 - src.storage.postgres_handler - ERROR - Database error: could not translate host name "epl_postgres" to address: Name or service not known

2025-12-01 12:09:06 - src.storage.postgres_handler - ERROR - Database error: connection to server at "localhost" (::1), port 5432 failed: FATAL:  password authentication failed for user "postgres"

2025-12-01 12:12:09 - src.storage.postgres_handler - ERROR - Database error: connection to server at "localhost" (::1), port 5432 failed: FATAL:  password authentication failed for user "postgres"

2025-12-01 13:21:01 - src.storage.postgres_handler - ERROR - Database error: function takes at most 2 arguments (4 given)
2025-12-01 13:30:27 - src.storage.postgres_handler - ERROR - Database error: can't adapt type 'dict'
2025-12-03 14:07:35 - src.storage.postgres_handler - ERROR - Database error: argument 1 must be a string or unicode object: got tuple instead
2025-12-03 14:17:21 - src.storage.postgres_handler - ERROR - Database error: syntax error at or near "%"
LINE 9:             WHERE endpoint = %s
                                     ^

2025-12-03 14:19:08 - src.storage.postgres_handler - ERROR - Database error: syntax error at or near "/"
LINE 9:             WHERE endpoint = /leagues
                                     ^

2025-12-03 22:34:54 - src.storage.postgres_handler - ERROR - Database error: connection to server at "localhost" (::1), port 5432 failed: Connection refused (0x0000274D/10061)
	Is the server running on that host and accepting TCP/IP connections?
connection to server at "localhost" (127.0.0.1), port 5432 failed: Connection refused (0x0000274D/10061)
	Is the server running on that host and accepting TCP/IP connections?

2025-12-11 12:38:15 - src.storage.postgres_handler - ERROR - Database error: column "leagues" does not exist
LINE 9:             WHERE endpoint = leagues
                                     ^

2025-12-11 12:38:26 - src.storage.postgres_handler - ERROR - Database error: syntax error at or near "/"
LINE 9:             WHERE endpoint = /leagues
                                     ^

2025-12-11 12:40:17 - src.storage.postgres_handler - ERROR - Database error: column "leagues" does not exist
LINE 9:             WHERE endpoint = leagues
                                     ^

2025-12-11 12:42:08 - src.storage.postgres_handler - ERROR - Database error: syntax error at or near "/"
LINE 9:             WHERE endpoint = /leagues
                                     ^

2025-12-11 12:47:08 - src.storage.postgres_handler - ERROR - Database error: the query contains more than one '%s' placeholder
2025-12-11 12:51:46 - src.storage.postgres_handler - ERROR - Database error: the query contains more than one '%s' placeholder
2025-12-11 12:52:33 - src.storage.postgres_handler - ERROR - Database error: the query contains more than one '%s' placeholder
